Linux 5.15.74-v8+ (raspberrypi) 	25/05/23 	_aarch64_	(4 CPU)

Device            r/s     rkB/s   rrqm/s  %rrqm r_await rareq-sz     w/s     wkB/s   wrqm/s  %wrqm w_await wareq-sz     d/s     dkB/s   drqm/s  %drqm d_await dareq-sz     f/s f_await  aqu-sz  %util
mmcblk0         11.70    413.98     6.15  34.45    9.28    35.40    7.50    214.75    14.45  65.83  168.74    28.63    0.00      0.00     0.00   0.00    0.00     0.00    0.00    0.00    1.37   8.33


Device            r/s     rkB/s   rrqm/s  %rrqm r_await rareq-sz     w/s     wkB/s   wrqm/s  %wrqm w_await wareq-sz     d/s     dkB/s   drqm/s  %drqm d_await dareq-sz     f/s f_await  aqu-sz  %util
mmcblk0          0.00      0.00     0.00   0.00    0.00     0.00    0.00      0.00     0.00   0.00    0.00     0.00    0.00      0.00     0.00   0.00    0.00     0.00    0.00    0.00    0.00   0.00


Device            r/s     rkB/s   rrqm/s  %rrqm r_await rareq-sz     w/s     wkB/s   wrqm/s  %wrqm w_await wareq-sz     d/s     dkB/s   drqm/s  %drqm d_await dareq-sz     f/s f_await  aqu-sz  %util
mmcblk0          0.00      0.00     0.00   0.00    0.00     0.00    0.00      0.00     0.00   0.00    0.00     0.00    0.00      0.00     0.00   0.00    0.00     0.00    0.00    0.00    0.00   0.00


Device            r/s     rkB/s   rrqm/s  %rrqm r_await rareq-sz     w/s     wkB/s   wrqm/s  %wrqm w_await wareq-sz     d/s     dkB/s   drqm/s  %drqm d_await dareq-sz     f/s f_await  aqu-sz  %util
mmcblk0          0.00      0.00     0.00   0.00    0.00     0.00    2.00     36.00     7.00  77.78   82.00    18.00    0.00      0.00     0.00   0.00    0.00     0.00    0.00    0.00    0.16  16.80


Device            r/s     rkB/s   rrqm/s  %rrqm r_await rareq-sz     w/s     wkB/s   wrqm/s  %wrqm w_await wareq-sz     d/s     dkB/s   drqm/s  %drqm d_await dareq-sz     f/s f_await  aqu-sz  %util
mmcblk0          0.00      0.00     0.00   0.00    0.00     0.00    0.00      0.00     0.00   0.00    0.00     0.00    0.00      0.00     0.00   0.00    0.00     0.00    0.00    0.00    0.00   0.00


Device            r/s     rkB/s   rrqm/s  %rrqm r_await rareq-sz     w/s     wkB/s   wrqm/s  %wrqm w_await wareq-sz     d/s     dkB/s   drqm/s  %drqm d_await dareq-sz     f/s f_await  aqu-sz  %util
mmcblk0          0.00      0.00     0.00   0.00    0.00     0.00   14.00     60.00     1.00   6.67   11.43     4.29    0.00      0.00     0.00   0.00    0.00     0.00    0.00    0.00    0.16   2.00


Device            r/s     rkB/s   rrqm/s  %rrqm r_await rareq-sz     w/s     wkB/s   wrqm/s  %wrqm w_await wareq-sz     d/s     dkB/s   drqm/s  %drqm d_await dareq-sz     f/s f_await  aqu-sz  %util
mmcblk0          0.00      0.00     0.00   0.00    0.00     0.00    0.00      0.00     0.00   0.00    0.00     0.00    0.00      0.00     0.00   0.00    0.00     0.00    0.00    0.00    0.00   0.00


Device            r/s     rkB/s   rrqm/s  %rrqm r_await rareq-sz     w/s     wkB/s   wrqm/s  %wrqm w_await wareq-sz     d/s     dkB/s   drqm/s  %drqm d_await dareq-sz     f/s f_await  aqu-sz  %util
mmcblk0          0.00      0.00     0.00   0.00    0.00     0.00  252.00   2592.00    29.00  10.32   69.04    10.29    0.00      0.00     0.00   0.00    0.00     0.00    0.00    0.00   17.40  40.00


Device            r/s     rkB/s   rrqm/s  %rrqm r_await rareq-sz     w/s     wkB/s   wrqm/s  %wrqm w_await wareq-sz     d/s     dkB/s   drqm/s  %drqm d_await dareq-sz     f/s f_await  aqu-sz  %util
mmcblk0          0.00      0.00     0.00   0.00    0.00     0.00  248.00   2292.00    23.00   8.49   90.16     9.24    0.00      0.00     0.00   0.00    0.00     0.00    0.00    0.00   22.36  65.60


Device            r/s     rkB/s   rrqm/s  %rrqm r_await rareq-sz     w/s     wkB/s   wrqm/s  %wrqm w_await wareq-sz     d/s     dkB/s   drqm/s  %drqm d_await dareq-sz     f/s f_await  aqu-sz  %util
mmcblk0          0.00      0.00     0.00   0.00    0.00     0.00  287.00   3700.00    94.00  24.67   60.25    12.89    0.00      0.00     0.00   0.00    0.00     0.00    0.00    0.00   17.29  47.60


Device            r/s     rkB/s   rrqm/s  %rrqm r_await rareq-sz     w/s     wkB/s   wrqm/s  %wrqm w_await wareq-sz     d/s     dkB/s   drqm/s  %drqm d_await dareq-sz     f/s f_await  aqu-sz  %util
mmcblk0          0.00      0.00     0.00   0.00    0.00     0.00  239.00   1788.00    24.00   9.13   79.90     7.48    0.00      0.00     0.00   0.00    0.00     0.00    0.00    0.00   19.10  80.40


Device            r/s     rkB/s   rrqm/s  %rrqm r_await rareq-sz     w/s     wkB/s   wrqm/s  %wrqm w_await wareq-sz     d/s     dkB/s   drqm/s  %drqm d_await dareq-sz     f/s f_await  aqu-sz  %util
mmcblk0          0.00      0.00     0.00   0.00    0.00     0.00  239.00   2552.00    28.00  10.49  108.29    10.68    0.00      0.00     0.00   0.00    0.00     0.00    0.00    0.00   25.88  66.00


Device            r/s     rkB/s   rrqm/s  %rrqm r_await rareq-sz     w/s     wkB/s   wrqm/s  %wrqm w_await wareq-sz     d/s     dkB/s   drqm/s  %drqm d_await dareq-sz     f/s f_await  aqu-sz  %util
mmcblk0          0.00      0.00     0.00   0.00    0.00     0.00  308.00   3620.00    41.00  11.75   99.59    11.75    0.00      0.00     0.00   0.00    0.00     0.00    0.00    0.00   30.68  50.40


Device            r/s     rkB/s   rrqm/s  %rrqm r_await rareq-sz     w/s     wkB/s   wrqm/s  %wrqm w_await wareq-sz     d/s     dkB/s   drqm/s  %drqm d_await dareq-sz     f/s f_await  aqu-sz  %util
mmcblk0          0.00      0.00     0.00   0.00    0.00     0.00  109.00   1220.00    14.00  11.38   76.43    11.19    0.00      0.00     0.00   0.00    0.00     0.00    0.00    0.00    8.33  80.00


Device            r/s     rkB/s   rrqm/s  %rrqm r_await rareq-sz     w/s     wkB/s   wrqm/s  %wrqm w_await wareq-sz     d/s     dkB/s   drqm/s  %drqm d_await dareq-sz     f/s f_await  aqu-sz  %util
mmcblk0         31.00    124.00     0.00   0.00    1.35     4.00  297.00   2600.00    29.00   8.90   92.60     8.75    0.00      0.00     0.00   0.00    0.00     0.00    0.00    0.00   27.54  78.80


Device            r/s     rkB/s   rrqm/s  %rrqm r_await rareq-sz     w/s     wkB/s   wrqm/s  %wrqm w_await wareq-sz     d/s     dkB/s   drqm/s  %drqm d_await dareq-sz     f/s f_await  aqu-sz  %util
mmcblk0         26.00    176.00     0.00   0.00    4.00     6.77  256.00   3152.00    42.00  14.09   58.34    12.31    0.00      0.00     0.00   0.00    0.00     0.00    0.00    0.00   15.04  53.20


Device            r/s     rkB/s   rrqm/s  %rrqm r_await rareq-sz     w/s     wkB/s   wrqm/s  %wrqm w_await wareq-sz     d/s     dkB/s   drqm/s  %drqm d_await dareq-sz     f/s f_await  aqu-sz  %util
mmcblk0         12.00     52.00     0.00   0.00    1.25     4.33  226.00   2324.00    28.00  11.02   59.31    10.28    0.00      0.00     0.00   0.00    0.00     0.00    0.00    0.00   13.42  58.40


Device            r/s     rkB/s   rrqm/s  %rrqm r_await rareq-sz     w/s     wkB/s   wrqm/s  %wrqm w_await wareq-sz     d/s     dkB/s   drqm/s  %drqm d_await dareq-sz     f/s f_await  aqu-sz  %util
mmcblk0         21.00    176.00     0.00   0.00   32.10     8.38   79.00    592.00     7.00   8.14  973.25     7.49    0.00      0.00     0.00   0.00    0.00     0.00    0.00    0.00   77.56  94.80


Device            r/s     rkB/s   rrqm/s  %rrqm r_await rareq-sz     w/s     wkB/s   wrqm/s  %wrqm w_await wareq-sz     d/s     dkB/s   drqm/s  %drqm d_await dareq-sz     f/s f_await  aqu-sz  %util
mmcblk0         11.00     48.00     0.00   0.00    5.64     4.36  306.00   3320.00    42.00  12.07   53.06    10.85    0.00      0.00     0.00   0.00    0.00     0.00    0.00    0.00   16.30  52.00


Device            r/s     rkB/s   rrqm/s  %rrqm r_await rareq-sz     w/s     wkB/s   wrqm/s  %wrqm w_await wareq-sz     d/s     dkB/s   drqm/s  %drqm d_await dareq-sz     f/s f_await  aqu-sz  %util
mmcblk0         21.78    269.31     6.93  24.14    8.14    12.36  313.86   3358.42    40.59  11.45   58.26    10.70    0.00      0.00     0.00   0.00    0.00     0.00    0.00    0.00   18.46  55.45


Device            r/s     rkB/s   rrqm/s  %rrqm r_await rareq-sz     w/s     wkB/s   wrqm/s  %wrqm w_await wareq-sz     d/s     dkB/s   drqm/s  %drqm d_await dareq-sz     f/s f_await  aqu-sz  %util
mmcblk0          0.00      0.00     0.00   0.00    0.00     0.00  209.00   2248.00    28.00  11.81   58.72    10.76    0.00      0.00     0.00   0.00    0.00     0.00    0.00    0.00   12.27  56.80


Device            r/s     rkB/s   rrqm/s  %rrqm r_await rareq-sz     w/s     wkB/s   wrqm/s  %wrqm w_await wareq-sz     d/s     dkB/s   drqm/s  %drqm d_await dareq-sz     f/s f_await  aqu-sz  %util
mmcblk0          0.00      0.00     0.00   0.00    0.00     0.00   27.00    560.00    10.00  27.03  302.33    20.74    0.00      0.00     0.00   0.00    0.00     0.00    0.00    0.00    8.16  92.80


Device            r/s     rkB/s   rrqm/s  %rrqm r_await rareq-sz     w/s     wkB/s   wrqm/s  %wrqm w_await wareq-sz     d/s     dkB/s   drqm/s  %drqm d_await dareq-sz     f/s f_await  aqu-sz  %util
mmcblk0          3.00     24.00     0.00   0.00    2.33     8.00  182.00   1700.00    20.00   9.90  473.38     9.34    0.00      0.00     0.00   0.00    0.00     0.00    0.00    0.00   86.16  80.80


Device            r/s     rkB/s   rrqm/s  %rrqm r_await rareq-sz     w/s     wkB/s   wrqm/s  %wrqm w_await wareq-sz     d/s     dkB/s   drqm/s  %drqm d_await dareq-sz     f/s f_await  aqu-sz  %util
mmcblk0         58.00    732.00     0.00   0.00    2.17    12.62  253.00   2840.00    36.00  12.46   61.25    11.23    0.00      0.00     0.00   0.00    0.00     0.00    0.00    0.00   15.62  68.00


Device            r/s     rkB/s   rrqm/s  %rrqm r_await rareq-sz     w/s     wkB/s   wrqm/s  %wrqm w_await wareq-sz     d/s     dkB/s   drqm/s  %drqm d_await dareq-sz     f/s f_await  aqu-sz  %util
mmcblk0          7.00    628.00     0.00   0.00    7.43    89.71  268.00   2744.00    33.00  10.96   73.10    10.24    0.00      0.00     0.00   0.00    0.00     0.00    0.00    0.00   19.64  55.20


Device            r/s     rkB/s   rrqm/s  %rrqm r_await rareq-sz     w/s     wkB/s   wrqm/s  %wrqm w_await wareq-sz     d/s     dkB/s   drqm/s  %drqm d_await dareq-sz     f/s f_await  aqu-sz  %util
mmcblk0          3.00    260.00     0.00   0.00   67.67    86.67  211.00   2268.00    28.00  11.72   63.18    10.75    0.00      0.00     0.00   0.00    0.00     0.00    0.00    0.00   13.53  72.80


Device            r/s     rkB/s   rrqm/s  %rrqm r_await rareq-sz     w/s     wkB/s   wrqm/s  %wrqm w_await wareq-sz     d/s     dkB/s   drqm/s  %drqm d_await dareq-sz     f/s f_await  aqu-sz  %util
mmcblk0          7.00    648.00     0.00   0.00   11.14    92.57  209.00   2256.00    28.00  11.81   53.10    10.79    0.00      0.00     0.00   0.00    0.00     0.00    0.00    0.00   11.18  58.40


Device            r/s     rkB/s   rrqm/s  %rrqm r_await rareq-sz     w/s     wkB/s   wrqm/s  %wrqm w_await wareq-sz     d/s     dkB/s   drqm/s  %drqm d_await dareq-sz     f/s f_await  aqu-sz  %util
mmcblk0          6.00    636.00     0.00   0.00    8.33   106.00  309.00   3324.00    41.00  11.71   62.12    10.76    0.00      0.00     0.00   0.00    0.00     0.00    0.00    0.00   19.25  62.80


Device            r/s     rkB/s   rrqm/s  %rrqm r_await rareq-sz     w/s     wkB/s   wrqm/s  %wrqm w_await wareq-sz     d/s     dkB/s   drqm/s  %drqm d_await dareq-sz     f/s f_await  aqu-sz  %util
mmcblk0          4.00    512.00     0.00   0.00    9.00   128.00  150.00   1744.00    23.00  13.29   46.71    11.63    0.00      0.00     0.00   0.00    0.00     0.00    0.00    0.00    7.04  78.80


Device            r/s     rkB/s   rrqm/s  %rrqm r_await rareq-sz     w/s     wkB/s   wrqm/s  %wrqm w_await wareq-sz     d/s     dkB/s   drqm/s  %drqm d_await dareq-sz     f/s f_await  aqu-sz  %util
mmcblk0         25.00    440.00     0.00   0.00    2.40    17.60  281.00   3244.00    41.00  12.73   56.88    11.54    0.00      0.00     0.00   0.00    0.00     0.00    0.00    0.00   16.04  59.20


Device            r/s     rkB/s   rrqm/s  %rrqm r_await rareq-sz     w/s     wkB/s   wrqm/s  %wrqm w_await wareq-sz     d/s     dkB/s   drqm/s  %drqm d_await dareq-sz     f/s f_await  aqu-sz  %util
mmcblk0         19.00     76.00     0.00   0.00    1.32     4.00   94.00    656.00     7.00   6.93  204.78     6.98    0.00      0.00     0.00   0.00    0.00     0.00    0.00    0.00   19.27  91.20


Device            r/s     rkB/s   rrqm/s  %rrqm r_await rareq-sz     w/s     wkB/s   wrqm/s  %wrqm w_await wareq-sz     d/s     dkB/s   drqm/s  %drqm d_await dareq-sz     f/s f_await  aqu-sz  %util
mmcblk0         19.00    540.00     0.00   0.00    3.05    28.42  301.00   3016.00    37.00  10.95   77.65    10.02    0.00      0.00     0.00   0.00    0.00     0.00    0.00    0.00   23.43  70.00


Device            r/s     rkB/s   rrqm/s  %rrqm r_await rareq-sz     w/s     wkB/s   wrqm/s  %wrqm w_await wareq-sz     d/s     dkB/s   drqm/s  %drqm d_await dareq-sz     f/s f_await  aqu-sz  %util
mmcblk0          6.00    768.00     0.00   0.00    8.67   128.00  281.00   3240.00    41.00  12.73   53.24    11.53    0.00      0.00     0.00   0.00    0.00     0.00    0.00    0.00   15.01  55.60


Device            r/s     rkB/s   rrqm/s  %rrqm r_await rareq-sz     w/s     wkB/s   wrqm/s  %wrqm w_await wareq-sz     d/s     dkB/s   drqm/s  %drqm d_await dareq-sz     f/s f_await  aqu-sz  %util
mmcblk0          4.00    512.00     0.00   0.00    8.75   128.00  255.00   2724.00    33.00  11.46  105.00    10.68    0.00      0.00     0.00   0.00    0.00     0.00    0.00    0.00   26.81  64.00


Device            r/s     rkB/s   rrqm/s  %rrqm r_await rareq-sz     w/s     wkB/s   wrqm/s  %wrqm w_await wareq-sz     d/s     dkB/s   drqm/s  %drqm d_await dareq-sz     f/s f_await  aqu-sz  %util
mmcblk0          7.00    500.00     0.00   0.00    7.57    71.43  204.00   2196.00    23.00  10.13  139.85    10.76    0.00      0.00     0.00   0.00    0.00     0.00    0.00    0.00   28.58  77.60


Device            r/s     rkB/s   rrqm/s  %rrqm r_await rareq-sz     w/s     wkB/s   wrqm/s  %wrqm w_await wareq-sz     d/s     dkB/s   drqm/s  %drqm d_await dareq-sz     f/s f_await  aqu-sz  %util
mmcblk0          5.00     96.00     0.00   0.00    6.40    19.20  167.00   1812.00    29.00  14.80  122.65    10.85    0.00      0.00     0.00   0.00    0.00     0.00    0.00    0.00   20.52  68.00


Device            r/s     rkB/s   rrqm/s  %rrqm r_await rareq-sz     w/s     wkB/s   wrqm/s  %wrqm w_await wareq-sz     d/s     dkB/s   drqm/s  %drqm d_await dareq-sz     f/s f_await  aqu-sz  %util
mmcblk0          8.00    308.00     0.00   0.00    5.12    38.50  273.00   3220.00    45.00  14.15  111.16    11.79    0.00      0.00     0.00   0.00    0.00     0.00    0.00    0.00   30.39  50.80


Device            r/s     rkB/s   rrqm/s  %rrqm r_await rareq-sz     w/s     wkB/s   wrqm/s  %wrqm w_await wareq-sz     d/s     dkB/s   drqm/s  %drqm d_await dareq-sz     f/s f_await  aqu-sz  %util
mmcblk0          5.00    508.00     0.00   0.00    8.60   101.60  263.00   2476.00    28.00   9.62   54.08     9.41    0.00      0.00     0.00   0.00    0.00     0.00    0.00    0.00   14.27  70.80


Device            r/s     rkB/s   rrqm/s  %rrqm r_await rareq-sz     w/s     wkB/s   wrqm/s  %wrqm w_await wareq-sz     d/s     dkB/s   drqm/s  %drqm d_await dareq-sz     f/s f_await  aqu-sz  %util
mmcblk0          7.00    760.00     0.00   0.00    8.86   108.57  240.00   3040.00    40.00  14.29   57.42    12.67    0.00      0.00     0.00   0.00    0.00     0.00    0.00    0.00   13.84  47.60


Device            r/s     rkB/s   rrqm/s  %rrqm r_await rareq-sz     w/s     wkB/s   wrqm/s  %wrqm w_await wareq-sz     d/s     dkB/s   drqm/s  %drqm d_await dareq-sz     f/s f_await  aqu-sz  %util
mmcblk0          3.00    384.00     0.00   0.00    9.33   128.00  207.00   1832.00    21.00   9.21   72.90     8.85    0.00      0.00     0.00   0.00    0.00     0.00    0.00    0.00   15.12  75.60


Device            r/s     rkB/s   rrqm/s  %rrqm r_await rareq-sz     w/s     wkB/s   wrqm/s  %wrqm w_await wareq-sz     d/s     dkB/s   drqm/s  %drqm d_await dareq-sz     f/s f_await  aqu-sz  %util
mmcblk0          6.00    504.00     0.00   0.00    9.00    84.00  209.00   2640.00    35.00  14.34   52.57    12.63    0.00      0.00     0.00   0.00    0.00     0.00    0.00    0.00   11.04  56.00


Device            r/s     rkB/s   rrqm/s  %rrqm r_await rareq-sz     w/s     wkB/s   wrqm/s  %wrqm w_await wareq-sz     d/s     dkB/s   drqm/s  %drqm d_await dareq-sz     f/s f_await  aqu-sz  %util
mmcblk0          0.00      0.00     0.00   0.00    0.00     0.00   48.70    320.00     5.65  10.40 1494.16     6.57    0.00      0.00     0.00   0.00    0.00     0.00    0.00    0.00   72.76 104.87


Device            r/s     rkB/s   rrqm/s  %rrqm r_await rareq-sz     w/s     wkB/s   wrqm/s  %wrqm w_await wareq-sz     d/s     dkB/s   drqm/s  %drqm d_await dareq-sz     f/s f_await  aqu-sz  %util
mmcblk0         27.00    252.00     0.00   0.00    6.78     9.33  302.00   3108.00    37.00  10.91   52.15    10.29    0.00      0.00     0.00   0.00    0.00     0.00    0.00    0.00   15.93  50.80


Device            r/s     rkB/s   rrqm/s  %rrqm r_await rareq-sz     w/s     wkB/s   wrqm/s  %wrqm w_await wareq-sz     d/s     dkB/s   drqm/s  %drqm d_await dareq-sz     f/s f_await  aqu-sz  %util
mmcblk0          0.00      0.00     0.00   0.00    0.00     0.00   28.00    808.00    15.00  34.88   96.07    28.86    0.00      0.00     0.00   0.00    0.00     0.00    0.00    0.00    2.69  82.80


Device            r/s     rkB/s   rrqm/s  %rrqm r_await rareq-sz     w/s     wkB/s   wrqm/s  %wrqm w_await wareq-sz     d/s     dkB/s   drqm/s  %drqm d_await dareq-sz     f/s f_await  aqu-sz  %util
mmcblk0          4.00    140.00     0.00   0.00    9.75    35.00  299.00   2868.00    33.00   9.94  102.65     9.59    0.00      0.00     0.00   0.00    0.00     0.00    0.00    0.00   30.73  63.60


Device            r/s     rkB/s   rrqm/s  %rrqm r_await rareq-sz     w/s     wkB/s   wrqm/s  %wrqm w_await wareq-sz     d/s     dkB/s   drqm/s  %drqm d_await dareq-sz     f/s f_await  aqu-sz  %util
mmcblk0         47.00    640.00     0.00   0.00    1.91    13.62  276.00   2936.00    36.00  11.54   48.08    10.64    0.00      0.00     0.00   0.00    0.00     0.00    0.00    0.00   13.36  66.00


Device            r/s     rkB/s   rrqm/s  %rrqm r_await rareq-sz     w/s     wkB/s   wrqm/s  %wrqm w_await wareq-sz     d/s     dkB/s   drqm/s  %drqm d_await dareq-sz     f/s f_await  aqu-sz  %util
mmcblk0          3.00     44.00     0.00   0.00    5.33    14.67  243.00   2668.00    33.00  11.96   59.59    10.98    0.00      0.00     0.00   0.00    0.00     0.00    0.00    0.00   14.49  55.20


Device            r/s     rkB/s   rrqm/s  %rrqm r_await rareq-sz     w/s     wkB/s   wrqm/s  %wrqm w_await wareq-sz     d/s     dkB/s   drqm/s  %drqm d_await dareq-sz     f/s f_await  aqu-sz  %util
mmcblk0          5.00     24.00     0.00   0.00   39.20     4.80  107.00   1512.00    16.00  13.01  174.27    14.13    0.00      0.00     0.00   0.00    0.00     0.00    0.00    0.00   18.84  75.20


Device            r/s     rkB/s   rrqm/s  %rrqm r_await rareq-sz     w/s     wkB/s   wrqm/s  %wrqm w_await wareq-sz     d/s     dkB/s   drqm/s  %drqm d_await dareq-sz     f/s f_await  aqu-sz  %util
mmcblk0         29.00    344.00     0.00   0.00    2.38    11.86  306.00   2940.00    43.00  12.32   54.43     9.61    0.00      0.00     0.00   0.00    0.00     0.00    0.00    0.00   16.73  67.20


Device            r/s     rkB/s   rrqm/s  %rrqm r_await rareq-sz     w/s     wkB/s   wrqm/s  %wrqm w_await wareq-sz     d/s     dkB/s   drqm/s  %drqm d_await dareq-sz     f/s f_await  aqu-sz  %util
mmcblk0          6.00    500.00     0.00   0.00    7.67    83.33  114.00   1568.00    22.00  16.18   58.39    13.75    0.00      0.00     0.00   0.00    0.00     0.00    0.00    0.00    6.70  76.80


Device            r/s     rkB/s   rrqm/s  %rrqm r_await rareq-sz     w/s     wkB/s   wrqm/s  %wrqm w_await wareq-sz     d/s     dkB/s   drqm/s  %drqm d_await dareq-sz     f/s f_await  aqu-sz  %util
mmcblk0          4.00    388.00     0.00   0.00    7.75    97.00  263.00   2468.00    29.00   9.93  144.15     9.38    0.00      0.00     0.00   0.00    0.00     0.00    0.00    0.00   37.94  59.20


Device            r/s     rkB/s   rrqm/s  %rrqm r_await rareq-sz     w/s     wkB/s   wrqm/s  %wrqm w_await wareq-sz     d/s     dkB/s   drqm/s  %drqm d_await dareq-sz     f/s f_await  aqu-sz  %util
mmcblk0         11.00    512.00     0.00   0.00    4.27    46.55  244.00   2640.00    33.00  11.91  102.62    10.82    0.00      0.00     0.00   0.00    0.00     0.00    0.00    0.00   25.09  74.40


Device            r/s     rkB/s   rrqm/s  %rrqm r_await rareq-sz     w/s     wkB/s   wrqm/s  %wrqm w_await wareq-sz     d/s     dkB/s   drqm/s  %drqm d_await dareq-sz     f/s f_await  aqu-sz  %util
mmcblk0         14.00    520.00     0.00   0.00    3.43    37.14  152.00   1736.00    22.00  12.64   50.28    11.42    0.00      0.00     0.00   0.00    0.00     0.00    0.00    0.00    7.69  72.00


Device            r/s     rkB/s   rrqm/s  %rrqm r_await rareq-sz     w/s     wkB/s   wrqm/s  %wrqm w_await wareq-sz     d/s     dkB/s   drqm/s  %drqm d_await dareq-sz     f/s f_await  aqu-sz  %util
mmcblk0          1.00     12.00     0.00   0.00  991.00    12.00   56.00    504.00     7.00  11.11 1232.18     9.00    0.00      0.00     0.00   0.00    0.00     0.00    0.00    0.00   69.99  90.40


Device            r/s     rkB/s   rrqm/s  %rrqm r_await rareq-sz     w/s     wkB/s   wrqm/s  %wrqm w_await wareq-sz     d/s     dkB/s   drqm/s  %drqm d_await dareq-sz     f/s f_await  aqu-sz  %util
mmcblk0         40.00    260.00     0.00   0.00    1.12     6.50  309.00   3316.00    41.00  11.71   52.48    10.73    0.00      0.00     0.00   0.00    0.00     0.00    0.00    0.00   16.26  66.40


Device            r/s     rkB/s   rrqm/s  %rrqm r_await rareq-sz     w/s     wkB/s   wrqm/s  %wrqm w_await wareq-sz     d/s     dkB/s   drqm/s  %drqm d_await dareq-sz     f/s f_await  aqu-sz  %util
mmcblk0         35.00    280.00     0.00   0.00    1.34     8.00  193.00   2112.00    28.00  12.67  167.27    10.94    0.00      0.00     0.00   0.00    0.00     0.00    0.00    0.00   32.33  73.60


Device            r/s     rkB/s   rrqm/s  %rrqm r_await rareq-sz     w/s     wkB/s   wrqm/s  %wrqm w_await wareq-sz     d/s     dkB/s   drqm/s  %drqm d_await dareq-sz     f/s f_await  aqu-sz  %util
mmcblk0          2.00      8.00     0.00   0.00    3.50     4.00    0.00      0.00     0.00   0.00    0.00     0.00    0.00      0.00     0.00   0.00    0.00     0.00    0.00    0.00    0.01   0.80


Device            r/s     rkB/s   rrqm/s  %rrqm r_await rareq-sz     w/s     wkB/s   wrqm/s  %wrqm w_await wareq-sz     d/s     dkB/s   drqm/s  %drqm d_await dareq-sz     f/s f_await  aqu-sz  %util
mmcblk0          0.00      0.00     0.00   0.00    0.00     0.00    0.00      0.00     0.00   0.00    0.00     0.00    0.00      0.00     0.00   0.00    0.00     0.00    0.00    0.00    0.00   0.00


Device            r/s     rkB/s   rrqm/s  %rrqm r_await rareq-sz     w/s     wkB/s   wrqm/s  %wrqm w_await wareq-sz     d/s     dkB/s   drqm/s  %drqm d_await dareq-sz     f/s f_await  aqu-sz  %util
mmcblk0          0.00      0.00     0.00   0.00    0.00     0.00    0.00      0.00     0.00   0.00    0.00     0.00    0.00      0.00     0.00   0.00    0.00     0.00    0.00    0.00    0.00   0.00


Device            r/s     rkB/s   rrqm/s  %rrqm r_await rareq-sz     w/s     wkB/s   wrqm/s  %wrqm w_await wareq-sz     d/s     dkB/s   drqm/s  %drqm d_await dareq-sz     f/s f_await  aqu-sz  %util
mmcblk0          0.00      0.00     0.00   0.00    0.00     0.00    0.00      0.00     0.00   0.00    0.00     0.00    0.00      0.00     0.00   0.00    0.00     0.00    0.00    0.00    0.00   0.00


Device            r/s     rkB/s   rrqm/s  %rrqm r_await rareq-sz     w/s     wkB/s   wrqm/s  %wrqm w_await wareq-sz     d/s     dkB/s   drqm/s  %drqm d_await dareq-sz     f/s f_await  aqu-sz  %util
mmcblk0          0.00      0.00     0.00   0.00    0.00     0.00    0.00      0.00    10.00 100.00    0.00     0.00    0.00      0.00     0.00   0.00    0.00     0.00    0.00    0.00    0.00   0.40


Device            r/s     rkB/s   rrqm/s  %rrqm r_await rareq-sz     w/s     wkB/s   wrqm/s  %wrqm w_await wareq-sz     d/s     dkB/s   drqm/s  %drqm d_await dareq-sz     f/s f_await  aqu-sz  %util
mmcblk0          0.00      0.00     0.00   0.00    0.00     0.00    2.00     48.00     0.00   0.00    3.50    24.00    0.00      0.00     0.00   0.00    0.00     0.00    0.00    0.00    0.01   0.80


Device            r/s     rkB/s   rrqm/s  %rrqm r_await rareq-sz     w/s     wkB/s   wrqm/s  %wrqm w_await wareq-sz     d/s     dkB/s   drqm/s  %drqm d_await dareq-sz     f/s f_await  aqu-sz  %util
mmcblk0          0.00      0.00     0.00   0.00    0.00     0.00    0.00      0.00     0.00   0.00    0.00     0.00    0.00      0.00     0.00   0.00    0.00     0.00    0.00    0.00    0.00   0.00


Device            r/s     rkB/s   rrqm/s  %rrqm r_await rareq-sz     w/s     wkB/s   wrqm/s  %wrqm w_await wareq-sz     d/s     dkB/s   drqm/s  %drqm d_await dareq-sz     f/s f_await  aqu-sz  %util
mmcblk0          0.00      0.00     0.00   0.00    0.00     0.00    0.00      0.00     0.00   0.00    0.00     0.00    0.00      0.00     0.00   0.00    0.00     0.00    0.00    0.00    0.00   0.00


Device            r/s     rkB/s   rrqm/s  %rrqm r_await rareq-sz     w/s     wkB/s   wrqm/s  %wrqm w_await wareq-sz     d/s     dkB/s   drqm/s  %drqm d_await dareq-sz     f/s f_await  aqu-sz  %util
mmcblk0         14.00     56.00     0.00   0.00    0.79     4.00    0.00      0.00     0.00   0.00    0.00     0.00    0.00      0.00     0.00   0.00    0.00     0.00    0.00    0.00    0.01   1.60


Device            r/s     rkB/s   rrqm/s  %rrqm r_await rareq-sz     w/s     wkB/s   wrqm/s  %wrqm w_await wareq-sz     d/s     dkB/s   drqm/s  %drqm d_await dareq-sz     f/s f_await  aqu-sz  %util
mmcblk0          0.00      0.00     0.00   0.00    0.00     0.00    0.00      0.00     0.00   0.00    0.00     0.00    0.00      0.00     0.00   0.00    0.00     0.00    0.00    0.00    0.00   0.00


Device            r/s     rkB/s   rrqm/s  %rrqm r_await rareq-sz     w/s     wkB/s   wrqm/s  %wrqm w_await wareq-sz     d/s     dkB/s   drqm/s  %drqm d_await dareq-sz     f/s f_await  aqu-sz  %util
mmcblk0          0.00      0.00     0.00   0.00    0.00     0.00    4.00     36.00     3.00  42.86    3.75     9.00    0.00      0.00     0.00   0.00    0.00     0.00    0.00    0.00    0.01   1.60


Device            r/s     rkB/s   rrqm/s  %rrqm r_await rareq-sz     w/s     wkB/s   wrqm/s  %wrqm w_await wareq-sz     d/s     dkB/s   drqm/s  %drqm d_await dareq-sz     f/s f_await  aqu-sz  %util
mmcblk0          0.00      0.00     0.00   0.00    0.00     0.00    0.00      0.00     0.00   0.00    0.00     0.00    0.00      0.00     0.00   0.00    0.00     0.00    0.00    0.00    0.00   0.00


Device            r/s     rkB/s   rrqm/s  %rrqm r_await rareq-sz     w/s     wkB/s   wrqm/s  %wrqm w_await wareq-sz     d/s     dkB/s   drqm/s  %drqm d_await dareq-sz     f/s f_await  aqu-sz  %util
mmcblk0          0.00      0.00     0.00   0.00    0.00     0.00    0.00      0.00     0.00   0.00    0.00     0.00    0.00      0.00     0.00   0.00    0.00     0.00    0.00    0.00    0.00   0.00


Device            r/s     rkB/s   rrqm/s  %rrqm r_await rareq-sz     w/s     wkB/s   wrqm/s  %wrqm w_await wareq-sz     d/s     dkB/s   drqm/s  %drqm d_await dareq-sz     f/s f_await  aqu-sz  %util
mmcblk0          0.00      0.00     0.00   0.00    0.00     0.00    0.00      0.00     0.00   0.00    0.00     0.00    0.00      0.00     0.00   0.00    0.00     0.00    0.00    0.00    0.00   0.00


