Linux 5.15.74-v8+ (raspberrypi) 	25/05/23 	_aarch64_	(4 CPU)

Device            r/s     rkB/s   rrqm/s  %rrqm r_await rareq-sz     w/s     wkB/s   wrqm/s  %wrqm w_await wareq-sz     d/s     dkB/s   drqm/s  %drqm d_await dareq-sz     f/s f_await  aqu-sz  %util
mmcblk0         11.35    402.56     5.92  34.27    9.14    35.45    9.50    227.50    13.92  59.44  153.49    23.95    0.00      0.00     0.00   0.00    0.00     0.00    0.00    0.00    1.56   8.68


Device            r/s     rkB/s   rrqm/s  %rrqm r_await rareq-sz     w/s     wkB/s   wrqm/s  %wrqm w_await wareq-sz     d/s     dkB/s   drqm/s  %drqm d_await dareq-sz     f/s f_await  aqu-sz  %util
mmcblk0         26.00    984.00    19.00  42.22    4.12    37.85   35.00    232.00     0.00   0.00   43.17     6.63    0.00      0.00     0.00   0.00    0.00     0.00    0.00    0.00    1.62  13.60


Device            r/s     rkB/s   rrqm/s  %rrqm r_await rareq-sz     w/s     wkB/s   wrqm/s  %wrqm w_await wareq-sz     d/s     dkB/s   drqm/s  %drqm d_await dareq-sz     f/s f_await  aqu-sz  %util
mmcblk0         42.00    576.00    30.00  41.67    2.50    13.71    6.00    132.00    27.00  81.82    2.50    22.00    0.00      0.00     0.00   0.00    0.00     0.00    0.00    0.00    0.12  14.00


Device            r/s     rkB/s   rrqm/s  %rrqm r_await rareq-sz     w/s     wkB/s   wrqm/s  %wrqm w_await wareq-sz     d/s     dkB/s   drqm/s  %drqm d_await dareq-sz     f/s f_await  aqu-sz  %util
mmcblk0        112.00   1876.00   140.00  55.56    3.88    16.75    0.00      0.00     0.00   0.00    0.00     0.00    0.00      0.00     0.00   0.00    0.00     0.00    0.00    0.00    0.43  21.60


Device            r/s     rkB/s   rrqm/s  %rrqm r_await rareq-sz     w/s     wkB/s   wrqm/s  %wrqm w_await wareq-sz     d/s     dkB/s   drqm/s  %drqm d_await dareq-sz     f/s f_await  aqu-sz  %util
mmcblk0        159.00   4816.00   101.00  38.85    7.42    30.29    0.00      0.00     0.00   0.00    0.00     0.00    0.00      0.00     0.00   0.00    0.00     0.00    0.00    0.00    1.18  32.80


Device            r/s     rkB/s   rrqm/s  %rrqm r_await rareq-sz     w/s     wkB/s   wrqm/s  %wrqm w_await wareq-sz     d/s     dkB/s   drqm/s  %drqm d_await dareq-sz     f/s f_await  aqu-sz  %util
mmcblk0        254.00   7140.00   230.00  47.52    6.15    28.11    3.00     60.00    15.00  83.33    2.00    20.00    0.00      0.00     0.00   0.00    0.00     0.00    0.00    0.00    1.57  50.40


Device            r/s     rkB/s   rrqm/s  %rrqm r_await rareq-sz     w/s     wkB/s   wrqm/s  %wrqm w_await wareq-sz     d/s     dkB/s   drqm/s  %drqm d_await dareq-sz     f/s f_await  aqu-sz  %util
mmcblk0        390.00  17216.00   206.00  34.56    8.17    44.14   32.00    388.00    54.00  62.79    4.84    12.12    0.00      0.00     0.00   0.00    0.00     0.00    0.00    0.00    3.34  98.40


Device            r/s     rkB/s   rrqm/s  %rrqm r_await rareq-sz     w/s     wkB/s   wrqm/s  %wrqm w_await wareq-sz     d/s     dkB/s   drqm/s  %drqm d_await dareq-sz     f/s f_await  aqu-sz  %util
mmcblk0        358.00  16668.00   761.00  68.01    8.56    46.56    1.00      4.00     0.00   0.00   12.00     4.00    0.00      0.00     0.00   0.00    0.00     0.00    0.00    0.00    3.08  89.60


Device            r/s     rkB/s   rrqm/s  %rrqm r_await rareq-sz     w/s     wkB/s   wrqm/s  %wrqm w_await wareq-sz     d/s     dkB/s   drqm/s  %drqm d_await dareq-sz     f/s f_await  aqu-sz  %util
mmcblk0        152.00   6308.00    87.00  36.40    3.38    41.50    0.00      0.00     0.00   0.00    0.00     0.00    0.00      0.00     0.00   0.00    0.00     0.00    0.00    0.00    0.51  44.00


Device            r/s     rkB/s   rrqm/s  %rrqm r_await rareq-sz     w/s     wkB/s   wrqm/s  %wrqm w_await wareq-sz     d/s     dkB/s   drqm/s  %drqm d_await dareq-sz     f/s f_await  aqu-sz  %util
mmcblk0          1.00     24.00     0.00   0.00    4.00    24.00    0.00      0.00     0.00   0.00    0.00     0.00    0.00      0.00     0.00   0.00    0.00     0.00    0.00    0.00    0.00   0.80


Device            r/s     rkB/s   rrqm/s  %rrqm r_await rareq-sz     w/s     wkB/s   wrqm/s  %wrqm w_await wareq-sz     d/s     dkB/s   drqm/s  %drqm d_await dareq-sz     f/s f_await  aqu-sz  %util
mmcblk0        159.00   5760.00   182.00  53.37    3.48    36.23    0.00      0.00     0.00   0.00    0.00     0.00    0.00      0.00     0.00   0.00    0.00     0.00    0.00    0.00    0.55  51.60


Device            r/s     rkB/s   rrqm/s  %rrqm r_await rareq-sz     w/s     wkB/s   wrqm/s  %wrqm w_await wareq-sz     d/s     dkB/s   drqm/s  %drqm d_await dareq-sz     f/s f_await  aqu-sz  %util
mmcblk0        234.00   6040.00    88.00  27.33    2.20    25.81    2.00     56.00    12.00  85.71    3.00    28.00    0.00      0.00     0.00   0.00    0.00     0.00    0.00    0.00    0.52  84.00


Device            r/s     rkB/s   rrqm/s  %rrqm r_await rareq-sz     w/s     wkB/s   wrqm/s  %wrqm w_await wareq-sz     d/s     dkB/s   drqm/s  %drqm d_await dareq-sz     f/s f_await  aqu-sz  %util
mmcblk0        268.00   4716.00   118.00  30.57    1.69    17.60    0.00      0.00     0.00   0.00    0.00     0.00    0.00      0.00     0.00   0.00    0.00     0.00    0.00    0.00    0.45  78.00


Device            r/s     rkB/s   rrqm/s  %rrqm r_await rareq-sz     w/s     wkB/s   wrqm/s  %wrqm w_await wareq-sz     d/s     dkB/s   drqm/s  %drqm d_await dareq-sz     f/s f_await  aqu-sz  %util
mmcblk0        248.00  10500.00   175.00  41.37    3.80    42.34    0.00      0.00     0.00   0.00    0.00     0.00    0.00      0.00     0.00   0.00    0.00     0.00    0.00    0.00    0.94  86.80


Device            r/s     rkB/s   rrqm/s  %rrqm r_await rareq-sz     w/s     wkB/s   wrqm/s  %wrqm w_await wareq-sz     d/s     dkB/s   drqm/s  %drqm d_await dareq-sz     f/s f_await  aqu-sz  %util
mmcblk0        219.00   8204.00    29.00  11.69    2.89    37.46    0.00      0.00     0.00   0.00    0.00     0.00    0.00      0.00     0.00   0.00    0.00     0.00    0.00    0.00    0.63  73.60


Device            r/s     rkB/s   rrqm/s  %rrqm r_await rareq-sz     w/s     wkB/s   wrqm/s  %wrqm w_await wareq-sz     d/s     dkB/s   drqm/s  %drqm d_await dareq-sz     f/s f_await  aqu-sz  %util
mmcblk0         75.00   3244.00    29.00  27.88    3.49    43.25    0.00      0.00     0.00   0.00    0.00     0.00    0.00      0.00     0.00   0.00    0.00     0.00    0.00    0.00    0.26  35.60


Device            r/s     rkB/s   rrqm/s  %rrqm r_await rareq-sz     w/s     wkB/s   wrqm/s  %wrqm w_await wareq-sz     d/s     dkB/s   drqm/s  %drqm d_await dareq-sz     f/s f_await  aqu-sz  %util
mmcblk0        204.00  10508.00     5.00   2.39    5.14    51.51    0.00      0.00     3.00 100.00    0.00     0.00    0.00      0.00     0.00   0.00    0.00     0.00    0.00    0.00    1.05  75.20


Device            r/s     rkB/s   rrqm/s  %rrqm r_await rareq-sz     w/s     wkB/s   wrqm/s  %wrqm w_await wareq-sz     d/s     dkB/s   drqm/s  %drqm d_await dareq-sz     f/s f_await  aqu-sz  %util
mmcblk0        261.00  13124.00   189.00  42.00    5.31    50.28   27.00    308.00    47.00  63.51    2.30    11.41    0.00      0.00     0.00   0.00    0.00     0.00    0.00    0.00    1.45  83.20


Device            r/s     rkB/s   rrqm/s  %rrqm r_await rareq-sz     w/s     wkB/s   wrqm/s  %wrqm w_await wareq-sz     d/s     dkB/s   drqm/s  %drqm d_await dareq-sz     f/s f_await  aqu-sz  %util
mmcblk0          0.00      0.00     0.00   0.00    0.00     0.00    0.00      0.00     0.00   0.00    0.00     0.00    0.00      0.00     0.00   0.00    0.00     0.00    0.00    0.00    0.00   0.00


Device            r/s     rkB/s   rrqm/s  %rrqm r_await rareq-sz     w/s     wkB/s   wrqm/s  %wrqm w_await wareq-sz     d/s     dkB/s   drqm/s  %drqm d_await dareq-sz     f/s f_await  aqu-sz  %util
mmcblk0          0.00      0.00     0.00   0.00    0.00     0.00    0.00      0.00     0.00   0.00    0.00     0.00    0.00      0.00     0.00   0.00    0.00     0.00    0.00    0.00    0.00   0.00


Device            r/s     rkB/s   rrqm/s  %rrqm r_await rareq-sz     w/s     wkB/s   wrqm/s  %wrqm w_await wareq-sz     d/s     dkB/s   drqm/s  %drqm d_await dareq-sz     f/s f_await  aqu-sz  %util
mmcblk0          0.00      0.00     0.00   0.00    0.00     0.00    0.00      0.00     0.00   0.00    0.00     0.00    0.00      0.00     0.00   0.00    0.00     0.00    0.00    0.00    0.00   0.00


Device            r/s     rkB/s   rrqm/s  %rrqm r_await rareq-sz     w/s     wkB/s   wrqm/s  %wrqm w_await wareq-sz     d/s     dkB/s   drqm/s  %drqm d_await dareq-sz     f/s f_await  aqu-sz  %util
mmcblk0          0.00      0.00     0.00   0.00    0.00     0.00    0.00      0.00     0.00   0.00    0.00     0.00    0.00      0.00     0.00   0.00    0.00     0.00    0.00    0.00    0.00   0.00


Device            r/s     rkB/s   rrqm/s  %rrqm r_await rareq-sz     w/s     wkB/s   wrqm/s  %wrqm w_await wareq-sz     d/s     dkB/s   drqm/s  %drqm d_await dareq-sz     f/s f_await  aqu-sz  %util
mmcblk0          0.00      0.00     0.00   0.00    0.00     0.00    2.00     52.00    11.00  84.62    4.00    26.00    0.00      0.00     0.00   0.00    0.00     0.00    0.00    0.00    0.01   1.20


Device            r/s     rkB/s   rrqm/s  %rrqm r_await rareq-sz     w/s     wkB/s   wrqm/s  %wrqm w_await wareq-sz     d/s     dkB/s   drqm/s  %drqm d_await dareq-sz     f/s f_await  aqu-sz  %util
mmcblk0         22.00   1540.00     0.00   0.00    4.14    70.00    0.00      0.00     0.00   0.00    0.00     0.00    0.00      0.00     0.00   0.00    0.00     0.00    0.00    0.00    0.09   9.60


Device            r/s     rkB/s   rrqm/s  %rrqm r_await rareq-sz     w/s     wkB/s   wrqm/s  %wrqm w_await wareq-sz     d/s     dkB/s   drqm/s  %drqm d_await dareq-sz     f/s f_await  aqu-sz  %util
mmcblk0         54.00   2928.00     1.00   1.82    4.87    54.22    0.00      0.00     0.00   0.00    0.00     0.00    0.00      0.00     0.00   0.00    0.00     0.00    0.00    0.00    0.26  18.80


Device            r/s     rkB/s   rrqm/s  %rrqm r_await rareq-sz     w/s     wkB/s   wrqm/s  %wrqm w_await wareq-sz     d/s     dkB/s   drqm/s  %drqm d_await dareq-sz     f/s f_await  aqu-sz  %util
mmcblk0          0.00      0.00     0.00   0.00    0.00     0.00    0.00      0.00     0.00   0.00    0.00     0.00    0.00      0.00     0.00   0.00    0.00     0.00    0.00    0.00    0.00   0.00


Device            r/s     rkB/s   rrqm/s  %rrqm r_await rareq-sz     w/s     wkB/s   wrqm/s  %wrqm w_await wareq-sz     d/s     dkB/s   drqm/s  %drqm d_await dareq-sz     f/s f_await  aqu-sz  %util
mmcblk0         34.00   1028.00   121.00  78.06    4.94    30.24   65.00    344.00     5.00   7.14   27.89     5.29    0.00      0.00     0.00   0.00    0.00     0.00    0.00    0.00    1.98  19.60


Device            r/s     rkB/s   rrqm/s  %rrqm r_await rareq-sz     w/s     wkB/s   wrqm/s  %wrqm w_await wareq-sz     d/s     dkB/s   drqm/s  %drqm d_await dareq-sz     f/s f_await  aqu-sz  %util
mmcblk0          3.00    100.00     0.00   0.00    5.00    33.33    0.00      0.00    10.00 100.00    0.00     0.00    0.00      0.00     0.00   0.00    0.00     0.00    0.00    0.00    0.02   2.40


Device            r/s     rkB/s   rrqm/s  %rrqm r_await rareq-sz     w/s     wkB/s   wrqm/s  %wrqm w_await wareq-sz     d/s     dkB/s   drqm/s  %drqm d_await dareq-sz     f/s f_await  aqu-sz  %util
mmcblk0         19.00    760.00     0.00   0.00    3.68    40.00   10.00    256.00     6.00  37.50    4.30    25.60    0.00      0.00     0.00   0.00    0.00     0.00    0.00    0.00    0.11  10.80


Device            r/s     rkB/s   rrqm/s  %rrqm r_await rareq-sz     w/s     wkB/s   wrqm/s  %wrqm w_await wareq-sz     d/s     dkB/s   drqm/s  %drqm d_await dareq-sz     f/s f_await  aqu-sz  %util
mmcblk0          2.00      8.00     0.00   0.00    6.00     4.00   11.00    436.00    22.00  66.67    4.36    39.64    0.00      0.00     0.00   0.00    0.00     0.00    0.00    0.00    0.06   6.40


Device            r/s     rkB/s   rrqm/s  %rrqm r_await rareq-sz     w/s     wkB/s   wrqm/s  %wrqm w_await wareq-sz     d/s     dkB/s   drqm/s  %drqm d_await dareq-sz     f/s f_await  aqu-sz  %util
mmcblk0          5.00     68.00     0.00   0.00    3.20    13.60    7.00    204.00     6.00  46.15    3.29    29.14    0.00      0.00     0.00   0.00    0.00     0.00    0.00    0.00    0.04   4.80


Device            r/s     rkB/s   rrqm/s  %rrqm r_await rareq-sz     w/s     wkB/s   wrqm/s  %wrqm w_await wareq-sz     d/s     dkB/s   drqm/s  %drqm d_await dareq-sz     f/s f_await  aqu-sz  %util
mmcblk0          0.00      0.00     0.00   0.00    0.00     0.00   18.00    444.00    19.00  51.35    3.33    24.67    0.00      0.00     0.00   0.00    0.00     0.00    0.00    0.00    0.06   8.00


Device            r/s     rkB/s   rrqm/s  %rrqm r_await rareq-sz     w/s     wkB/s   wrqm/s  %wrqm w_await wareq-sz     d/s     dkB/s   drqm/s  %drqm d_await dareq-sz     f/s f_await  aqu-sz  %util
mmcblk0          0.00      0.00     0.00   0.00    0.00     0.00    3.00     56.00     5.00  62.50   94.33    18.67    0.00      0.00     0.00   0.00    0.00     0.00    0.00    0.00    0.28  28.80


Device            r/s     rkB/s   rrqm/s  %rrqm r_await rareq-sz     w/s     wkB/s   wrqm/s  %wrqm w_await wareq-sz     d/s     dkB/s   drqm/s  %drqm d_await dareq-sz     f/s f_await  aqu-sz  %util
mmcblk0          1.00     36.00     0.00   0.00   13.00    36.00    9.00    356.00    10.00  52.63   82.56    39.56    0.00      0.00     0.00   0.00    0.00     0.00    0.00    0.00    0.76  75.60


Device            r/s     rkB/s   rrqm/s  %rrqm r_await rareq-sz     w/s     wkB/s   wrqm/s  %wrqm w_await wareq-sz     d/s     dkB/s   drqm/s  %drqm d_await dareq-sz     f/s f_await  aqu-sz  %util
mmcblk0          6.00     64.00     0.00   0.00    5.67    10.67   12.00    408.00    13.00  52.00    5.50    34.00    0.00      0.00     0.00   0.00    0.00     0.00    0.00    0.00    0.10   9.60


Device            r/s     rkB/s   rrqm/s  %rrqm r_await rareq-sz     w/s     wkB/s   wrqm/s  %wrqm w_await wareq-sz     d/s     dkB/s   drqm/s  %drqm d_await dareq-sz     f/s f_await  aqu-sz  %util
mmcblk0          0.00      0.00     0.00   0.00    0.00     0.00    6.00    212.00     9.00  60.00    3.67    35.33    0.00      0.00     0.00   0.00    0.00     0.00    0.00    0.00    0.02   3.20


Device            r/s     rkB/s   rrqm/s  %rrqm r_await rareq-sz     w/s     wkB/s   wrqm/s  %wrqm w_await wareq-sz     d/s     dkB/s   drqm/s  %drqm d_await dareq-sz     f/s f_await  aqu-sz  %util
mmcblk0          0.00      0.00     0.00   0.00    0.00     0.00   18.00    436.00    17.00  48.57    3.33    24.22    0.00      0.00     0.00   0.00    0.00     0.00    0.00    0.00    0.06   8.40


Device            r/s     rkB/s   rrqm/s  %rrqm r_await rareq-sz     w/s     wkB/s   wrqm/s  %wrqm w_await wareq-sz     d/s     dkB/s   drqm/s  %drqm d_await dareq-sz     f/s f_await  aqu-sz  %util
mmcblk0          0.00      0.00     0.00   0.00    0.00     0.00    6.00    200.00     6.00  50.00    3.67    33.33    0.00      0.00     0.00   0.00    0.00     0.00    0.00    0.00    0.02   3.20


Device            r/s     rkB/s   rrqm/s  %rrqm r_await rareq-sz     w/s     wkB/s   wrqm/s  %wrqm w_await wareq-sz     d/s     dkB/s   drqm/s  %drqm d_await dareq-sz     f/s f_await  aqu-sz  %util
mmcblk0         12.00    304.00     0.00   0.00    2.33    25.33   10.00    316.00    20.00  66.67    4.00    31.60    0.00      0.00     0.00   0.00    0.00     0.00    0.00    0.00    0.07   9.60


Device            r/s     rkB/s   rrqm/s  %rrqm r_await rareq-sz     w/s     wkB/s   wrqm/s  %wrqm w_await wareq-sz     d/s     dkB/s   drqm/s  %drqm d_await dareq-sz     f/s f_await  aqu-sz  %util
mmcblk0          1.00      4.00     0.00   0.00    4.00     4.00   12.00    368.00    11.00  47.83    3.58    30.67    0.00      0.00     0.00   0.00    0.00     0.00    0.00    0.00    0.05   6.80


Device            r/s     rkB/s   rrqm/s  %rrqm r_await rareq-sz     w/s     wkB/s   wrqm/s  %wrqm w_await wareq-sz     d/s     dkB/s   drqm/s  %drqm d_await dareq-sz     f/s f_await  aqu-sz  %util
mmcblk0          0.00      0.00     0.00   0.00    0.00     0.00   10.00    232.00    11.00  52.38    3.30    23.20    0.00      0.00     0.00   0.00    0.00     0.00    0.00    0.00    0.03   4.80


Device            r/s     rkB/s   rrqm/s  %rrqm r_await rareq-sz     w/s     wkB/s   wrqm/s  %wrqm w_await wareq-sz     d/s     dkB/s   drqm/s  %drqm d_await dareq-sz     f/s f_await  aqu-sz  %util
mmcblk0          0.00      0.00     0.00   0.00    0.00     0.00   15.00    420.00    15.00  50.00    3.53    28.00    0.00      0.00     0.00   0.00    0.00     0.00    0.00    0.00    0.05   7.60


Device            r/s     rkB/s   rrqm/s  %rrqm r_await rareq-sz     w/s     wkB/s   wrqm/s  %wrqm w_await wareq-sz     d/s     dkB/s   drqm/s  %drqm d_await dareq-sz     f/s f_await  aqu-sz  %util
mmcblk0          0.00      0.00     0.00   0.00    0.00     0.00    9.00    216.00     8.00  47.06    3.11    24.00    0.00      0.00     0.00   0.00    0.00     0.00    0.00    0.00    0.03   4.40


Device            r/s     rkB/s   rrqm/s  %rrqm r_await rareq-sz     w/s     wkB/s   wrqm/s  %wrqm w_await wareq-sz     d/s     dkB/s   drqm/s  %drqm d_await dareq-sz     f/s f_await  aqu-sz  %util
mmcblk0          0.00      0.00     0.00   0.00    0.00     0.00    9.00    312.00    12.00  57.14    4.00    34.67    0.00      0.00     0.00   0.00    0.00     0.00    0.00    0.00    0.04   4.80


Device            r/s     rkB/s   rrqm/s  %rrqm r_await rareq-sz     w/s     wkB/s   wrqm/s  %wrqm w_await wareq-sz     d/s     dkB/s   drqm/s  %drqm d_await dareq-sz     f/s f_await  aqu-sz  %util
mmcblk0          0.00      0.00     0.00   0.00    0.00     0.00   12.00    324.00    12.00  50.00    3.50    27.00    0.00      0.00     0.00   0.00    0.00     0.00    0.00    0.00    0.04   6.40


Device            r/s     rkB/s   rrqm/s  %rrqm r_await rareq-sz     w/s     wkB/s   wrqm/s  %wrqm w_await wareq-sz     d/s     dkB/s   drqm/s  %drqm d_await dareq-sz     f/s f_await  aqu-sz  %util
mmcblk0          0.00      0.00     0.00   0.00    0.00     0.00    9.00    300.00     9.00  50.00    3.78    33.33    0.00      0.00     0.00   0.00    0.00     0.00    0.00    0.00    0.03   4.40


Device            r/s     rkB/s   rrqm/s  %rrqm r_await rareq-sz     w/s     wkB/s   wrqm/s  %wrqm w_await wareq-sz     d/s     dkB/s   drqm/s  %drqm d_await dareq-sz     f/s f_await  aqu-sz  %util
mmcblk0          0.00      0.00     0.00   0.00    0.00     0.00    9.00    312.00    12.00  57.14    4.11    34.67    0.00      0.00     0.00   0.00    0.00     0.00    0.00    0.00    0.04   4.80


Device            r/s     rkB/s   rrqm/s  %rrqm r_await rareq-sz     w/s     wkB/s   wrqm/s  %wrqm w_await wareq-sz     d/s     dkB/s   drqm/s  %drqm d_await dareq-sz     f/s f_await  aqu-sz  %util
mmcblk0          0.00      0.00     0.00   0.00    0.00     0.00    7.00    224.00     8.00  53.33    4.00    32.00    0.00      0.00     0.00   0.00    0.00     0.00    0.00    0.00    0.03   4.00


Device            r/s     rkB/s   rrqm/s  %rrqm r_await rareq-sz     w/s     wkB/s   wrqm/s  %wrqm w_await wareq-sz     d/s     dkB/s   drqm/s  %drqm d_await dareq-sz     f/s f_await  aqu-sz  %util
mmcblk0          0.00      0.00     0.00   0.00    0.00     0.00   13.00    436.00    22.00  62.86    4.85    33.54    0.00      0.00     0.00   0.00    0.00     0.00    0.00    0.00    0.06   8.80


Device            r/s     rkB/s   rrqm/s  %rrqm r_await rareq-sz     w/s     wkB/s   wrqm/s  %wrqm w_await wareq-sz     d/s     dkB/s   drqm/s  %drqm d_await dareq-sz     f/s f_await  aqu-sz  %util
mmcblk0          0.00      0.00     0.00   0.00    0.00     0.00   11.00    244.00    11.00  50.00   24.45    22.18    0.00      0.00     0.00   0.00    0.00     0.00    0.00    0.00    0.27  28.40


Device            r/s     rkB/s   rrqm/s  %rrqm r_await rareq-sz     w/s     wkB/s   wrqm/s  %wrqm w_await wareq-sz     d/s     dkB/s   drqm/s  %drqm d_await dareq-sz     f/s f_await  aqu-sz  %util
mmcblk0          0.00      0.00     0.00   0.00    0.00     0.00   12.00    388.00    13.00  52.00    3.75    32.33    0.00      0.00     0.00   0.00    0.00     0.00    0.00    0.00    0.04   6.40


Device            r/s     rkB/s   rrqm/s  %rrqm r_await rareq-sz     w/s     wkB/s   wrqm/s  %wrqm w_await wareq-sz     d/s     dkB/s   drqm/s  %drqm d_await dareq-sz     f/s f_await  aqu-sz  %util
mmcblk0          0.00      0.00     0.00   0.00    0.00     0.00   12.00    252.00    11.00  47.83    3.17    21.00    0.00      0.00     0.00   0.00    0.00     0.00    0.00    0.00    0.04   5.60


Device            r/s     rkB/s   rrqm/s  %rrqm r_await rareq-sz     w/s     wkB/s   wrqm/s  %wrqm w_await wareq-sz     d/s     dkB/s   drqm/s  %drqm d_await dareq-sz     f/s f_await  aqu-sz  %util
mmcblk0          0.00      0.00     0.00   0.00    0.00     0.00    9.00    232.00    11.00  55.00   20.89    25.78    0.00      0.00     0.00   0.00    0.00     0.00    0.00    0.00    0.19  19.60


Device            r/s     rkB/s   rrqm/s  %rrqm r_await rareq-sz     w/s     wkB/s   wrqm/s  %wrqm w_await wareq-sz     d/s     dkB/s   drqm/s  %drqm d_await dareq-sz     f/s f_await  aqu-sz  %util
mmcblk0          0.00      0.00     0.00   0.00    0.00     0.00   12.00    404.00    13.00  52.00   28.00    33.67    0.00      0.00     0.00   0.00    0.00     0.00    0.00    0.00    0.34  35.20


Device            r/s     rkB/s   rrqm/s  %rrqm r_await rareq-sz     w/s     wkB/s   wrqm/s  %wrqm w_await wareq-sz     d/s     dkB/s   drqm/s  %drqm d_await dareq-sz     f/s f_await  aqu-sz  %util
mmcblk0          0.00      0.00     0.00   0.00    0.00     0.00    6.00    200.00     6.00  50.00   11.17    33.33    0.00      0.00     0.00   0.00    0.00     0.00    0.00    0.00    0.07   7.60


Device            r/s     rkB/s   rrqm/s  %rrqm r_await rareq-sz     w/s     wkB/s   wrqm/s  %wrqm w_await wareq-sz     d/s     dkB/s   drqm/s  %drqm d_await dareq-sz     f/s f_await  aqu-sz  %util
mmcblk0          0.00      0.00     0.00   0.00    0.00     0.00   12.00    348.00    15.00  55.56    4.83    29.00    0.00      0.00     0.00   0.00    0.00     0.00    0.00    0.00    0.06   7.60


Device            r/s     rkB/s   rrqm/s  %rrqm r_await rareq-sz     w/s     wkB/s   wrqm/s  %wrqm w_await wareq-sz     d/s     dkB/s   drqm/s  %drqm d_await dareq-sz     f/s f_await  aqu-sz  %util
mmcblk0          1.00      4.00     0.00   0.00    5.00     4.00   36.00   4044.00     6.00  14.29   92.42   112.33    0.00      0.00     0.00   0.00    0.00     0.00    0.00    0.00    3.33  87.60


Device            r/s     rkB/s   rrqm/s  %rrqm r_await rareq-sz     w/s     wkB/s   wrqm/s  %wrqm w_await wareq-sz     d/s     dkB/s   drqm/s  %drqm d_await dareq-sz     f/s f_await  aqu-sz  %util
mmcblk0          0.00      0.00     0.00   0.00    0.00     0.00   20.00   4912.00    17.00  45.95  733.45   245.60    0.00      0.00     0.00   0.00    0.00     0.00    0.00    0.00   14.67  58.80


Device            r/s     rkB/s   rrqm/s  %rrqm r_await rareq-sz     w/s     wkB/s   wrqm/s  %wrqm w_await wareq-sz     d/s     dkB/s   drqm/s  %drqm d_await dareq-sz     f/s f_await  aqu-sz  %util
mmcblk0          0.00      0.00     0.00   0.00    0.00     0.00   10.00    348.00    19.00  65.52    4.00    34.80    0.00      0.00     0.00   0.00    0.00     0.00    0.00    0.00    0.04   5.60


Device            r/s     rkB/s   rrqm/s  %rrqm r_await rareq-sz     w/s     wkB/s   wrqm/s  %wrqm w_await wareq-sz     d/s     dkB/s   drqm/s  %drqm d_await dareq-sz     f/s f_await  aqu-sz  %util
mmcblk0          1.00    124.00     0.00   0.00   10.00   124.00    9.00    220.00     9.00  50.00    3.33    24.44    0.00      0.00     0.00   0.00    0.00     0.00    0.00    0.00    0.04   5.60


Device            r/s     rkB/s   rrqm/s  %rrqm r_await rareq-sz     w/s     wkB/s   wrqm/s  %wrqm w_await wareq-sz     d/s     dkB/s   drqm/s  %drqm d_await dareq-sz     f/s f_await  aqu-sz  %util
mmcblk0          9.00     56.00     0.00   0.00   61.56     6.22    7.00    212.00    10.00  58.82   94.86    30.29    0.00      0.00     0.00   0.00    0.00     0.00    0.00    0.00    1.22  63.20


Device            r/s     rkB/s   rrqm/s  %rrqm r_await rareq-sz     w/s     wkB/s   wrqm/s  %wrqm w_await wareq-sz     d/s     dkB/s   drqm/s  %drqm d_await dareq-sz     f/s f_await  aqu-sz  %util
mmcblk0          0.00      0.00     0.00   0.00    0.00     0.00   11.00    404.00    12.00  52.17   18.27    36.73    0.00      0.00     0.00   0.00    0.00     0.00    0.00    0.00    0.20  21.20


Device            r/s     rkB/s   rrqm/s  %rrqm r_await rareq-sz     w/s     wkB/s   wrqm/s  %wrqm w_await wareq-sz     d/s     dkB/s   drqm/s  %drqm d_await dareq-sz     f/s f_await  aqu-sz  %util
mmcblk0          3.00     44.00     0.00   0.00    6.33    14.67    6.00    204.00     6.00  50.00    9.83    34.00    0.00      0.00     0.00   0.00    0.00     0.00    0.00    0.00    0.08   8.40


Device            r/s     rkB/s   rrqm/s  %rrqm r_await rareq-sz     w/s     wkB/s   wrqm/s  %wrqm w_await wareq-sz     d/s     dkB/s   drqm/s  %drqm d_await dareq-sz     f/s f_await  aqu-sz  %util
mmcblk0          0.00      0.00     0.00   0.00    0.00     0.00   12.00    396.00    15.00  55.56    9.92    33.00    0.00      0.00     0.00   0.00    0.00     0.00    0.00    0.00    0.12  13.60


Device            r/s     rkB/s   rrqm/s  %rrqm r_await rareq-sz     w/s     wkB/s   wrqm/s  %wrqm w_await wareq-sz     d/s     dkB/s   drqm/s  %drqm d_await dareq-sz     f/s f_await  aqu-sz  %util
mmcblk0          0.00      0.00     0.00   0.00    0.00     0.00   12.00    252.00    11.00  47.83    9.25    21.00    0.00      0.00     0.00   0.00    0.00     0.00    0.00    0.00    0.11  12.80


Device            r/s     rkB/s   rrqm/s  %rrqm r_await rareq-sz     w/s     wkB/s   wrqm/s  %wrqm w_await wareq-sz     d/s     dkB/s   drqm/s  %drqm d_await dareq-sz     f/s f_await  aqu-sz  %util
mmcblk0          2.00    124.00     0.00   0.00    8.00    62.00   10.00    356.00    14.00  58.33    7.20    35.60    0.00      0.00     0.00   0.00    0.00     0.00    0.00    0.00    0.09  10.80


Device            r/s     rkB/s   rrqm/s  %rrqm r_await rareq-sz     w/s     wkB/s   wrqm/s  %wrqm w_await wareq-sz     d/s     dkB/s   drqm/s  %drqm d_await dareq-sz     f/s f_await  aqu-sz  %util
mmcblk0         40.00    440.00     0.00   0.00    3.10    11.00   35.00   3588.00    22.00  38.60   14.89   102.51    0.00      0.00     0.00   0.00    0.00     0.00    0.00    0.00    0.65  28.00


Device            r/s     rkB/s   rrqm/s  %rrqm r_await rareq-sz     w/s     wkB/s   wrqm/s  %wrqm w_await wareq-sz     d/s     dkB/s   drqm/s  %drqm d_await dareq-sz     f/s f_await  aqu-sz  %util
mmcblk0         69.00   1676.00    27.00  28.12   30.07    24.29   30.00    688.00    29.00  49.15   21.30    22.93    0.00      0.00     0.00   0.00    0.00     0.00    0.00    0.00    2.71  38.80


Device            r/s     rkB/s   rrqm/s  %rrqm r_await rareq-sz     w/s     wkB/s   wrqm/s  %wrqm w_await wareq-sz     d/s     dkB/s   drqm/s  %drqm d_await dareq-sz     f/s f_await  aqu-sz  %util
mmcblk0         17.00    208.00     0.00   0.00    3.82    12.24   10.00    460.00    21.00  67.74   55.40    46.00    0.00      0.00     0.00   0.00    0.00     0.00    0.00    0.00    0.62  60.40


Device            r/s     rkB/s   rrqm/s  %rrqm r_await rareq-sz     w/s     wkB/s   wrqm/s  %wrqm w_await wareq-sz     d/s     dkB/s   drqm/s  %drqm d_await dareq-sz     f/s f_await  aqu-sz  %util
mmcblk0          0.00      0.00     0.00   0.00    0.00     0.00    8.91    285.15     8.91  50.00    8.44    32.00    0.00      0.00     0.00   0.00    0.00     0.00    0.00    0.00    0.07   8.32


Device            r/s     rkB/s   rrqm/s  %rrqm r_await rareq-sz     w/s     wkB/s   wrqm/s  %wrqm w_await wareq-sz     d/s     dkB/s   drqm/s  %drqm d_await dareq-sz     f/s f_await  aqu-sz  %util
mmcblk0          3.00     44.00     0.00   0.00    4.33    14.67    9.00    228.00    12.00  57.14    3.56    25.33    0.00      0.00     0.00   0.00    0.00     0.00    0.00    0.00    0.04   6.40


Device            r/s     rkB/s   rrqm/s  %rrqm r_await rareq-sz     w/s     wkB/s   wrqm/s  %wrqm w_await wareq-sz     d/s     dkB/s   drqm/s  %drqm d_await dareq-sz     f/s f_await  aqu-sz  %util
mmcblk0          0.00      0.00     0.00   0.00    0.00     0.00   15.00    412.00    13.00  46.43    3.67    27.47    0.00      0.00     0.00   0.00    0.00     0.00    0.00    0.00    0.06   8.00


Device            r/s     rkB/s   rrqm/s  %rrqm r_await rareq-sz     w/s     wkB/s   wrqm/s  %wrqm w_await wareq-sz     d/s     dkB/s   drqm/s  %drqm d_await dareq-sz     f/s f_await  aqu-sz  %util
mmcblk0          0.00      0.00     0.00   0.00    0.00     0.00    6.00    208.00     8.00  57.14    3.83    34.67    0.00      0.00     0.00   0.00    0.00     0.00    0.00    0.00    0.02   3.20


Device            r/s     rkB/s   rrqm/s  %rrqm r_await rareq-sz     w/s     wkB/s   wrqm/s  %wrqm w_await wareq-sz     d/s     dkB/s   drqm/s  %drqm d_await dareq-sz     f/s f_await  aqu-sz  %util
mmcblk0          2.00      8.00     0.00   0.00    3.00     4.00   15.00    416.00    15.00  50.00    3.67    27.73    0.00      0.00     0.00   0.00    0.00     0.00    0.00    0.00    0.06   8.80


Device            r/s     rkB/s   rrqm/s  %rrqm r_await rareq-sz     w/s     wkB/s   wrqm/s  %wrqm w_await wareq-sz     d/s     dkB/s   drqm/s  %drqm d_await dareq-sz     f/s f_await  aqu-sz  %util
mmcblk0          3.00     20.00     0.00   0.00    3.33     6.67    9.00    224.00    10.00  52.63    3.44    24.89    0.00      0.00     0.00   0.00    0.00     0.00    0.00    0.00    0.04   6.80


Device            r/s     rkB/s   rrqm/s  %rrqm r_await rareq-sz     w/s     wkB/s   wrqm/s  %wrqm w_await wareq-sz     d/s     dkB/s   drqm/s  %drqm d_await dareq-sz     f/s f_await  aqu-sz  %util
mmcblk0         26.00    724.00     0.00   0.00    4.58    27.85   13.00    292.00    12.00  48.00    3.31    22.46    0.00      0.00     0.00   0.00    0.00     0.00    0.00    0.00    0.16  12.80


Device            r/s     rkB/s   rrqm/s  %rrqm r_await rareq-sz     w/s     wkB/s   wrqm/s  %wrqm w_await wareq-sz     d/s     dkB/s   drqm/s  %drqm d_await dareq-sz     f/s f_await  aqu-sz  %util
mmcblk0          6.00    368.00     0.00   0.00    4.83    61.33   15.00    364.00    14.00  48.28    3.47    24.27    0.00      0.00     0.00   0.00    0.00     0.00    0.00    0.00    0.08  12.00


Device            r/s     rkB/s   rrqm/s  %rrqm r_await rareq-sz     w/s     wkB/s   wrqm/s  %wrqm w_await wareq-sz     d/s     dkB/s   drqm/s  %drqm d_await dareq-sz     f/s f_await  aqu-sz  %util
mmcblk0          0.00      0.00     0.00   0.00    0.00     0.00    9.00    292.00    11.00  55.00    4.00    32.44    0.00      0.00     0.00   0.00    0.00     0.00    0.00    0.00    0.04   4.80


Device            r/s     rkB/s   rrqm/s  %rrqm r_await rareq-sz     w/s     wkB/s   wrqm/s  %wrqm w_await wareq-sz     d/s     dkB/s   drqm/s  %drqm d_await dareq-sz     f/s f_await  aqu-sz  %util
mmcblk0          2.00     12.00     0.00   0.00    5.00     6.00   10.00    376.00    18.00  64.29    4.30    37.60    0.00      0.00     0.00   0.00    0.00     0.00    0.00    0.00    0.05   6.80


Device            r/s     rkB/s   rrqm/s  %rrqm r_await rareq-sz     w/s     wkB/s   wrqm/s  %wrqm w_await wareq-sz     d/s     dkB/s   drqm/s  %drqm d_await dareq-sz     f/s f_await  aqu-sz  %util
mmcblk0          0.00      0.00     0.00   0.00    0.00     0.00    9.00    240.00    10.00  52.63    3.67    26.67    0.00      0.00     0.00   0.00    0.00     0.00    0.00    0.00    0.03   4.80


Device            r/s     rkB/s   rrqm/s  %rrqm r_await rareq-sz     w/s     wkB/s   wrqm/s  %wrqm w_await wareq-sz     d/s     dkB/s   drqm/s  %drqm d_await dareq-sz     f/s f_await  aqu-sz  %util
mmcblk0          0.00      0.00     0.00   0.00    0.00     0.00   12.00    408.00    19.00  61.29    4.08    34.00    0.00      0.00     0.00   0.00    0.00     0.00    0.00    0.00    0.05   6.80


Device            r/s     rkB/s   rrqm/s  %rrqm r_await rareq-sz     w/s     wkB/s   wrqm/s  %wrqm w_await wareq-sz     d/s     dkB/s   drqm/s  %drqm d_await dareq-sz     f/s f_await  aqu-sz  %util
mmcblk0          0.00      0.00     0.00   0.00    0.00     0.00    9.00    216.00     8.00  47.06    3.22    24.00    0.00      0.00     0.00   0.00    0.00     0.00    0.00    0.00    0.03   4.00


Device            r/s     rkB/s   rrqm/s  %rrqm r_await rareq-sz     w/s     wkB/s   wrqm/s  %wrqm w_await wareq-sz     d/s     dkB/s   drqm/s  %drqm d_await dareq-sz     f/s f_await  aqu-sz  %util
mmcblk0          0.00      0.00     0.00   0.00    0.00     0.00    9.00    284.00     9.00  50.00    3.78    31.56    0.00      0.00     0.00   0.00    0.00     0.00    0.00    0.00    0.03   4.40


Device            r/s     rkB/s   rrqm/s  %rrqm r_await rareq-sz     w/s     wkB/s   wrqm/s  %wrqm w_await wareq-sz     d/s     dkB/s   drqm/s  %drqm d_await dareq-sz     f/s f_await  aqu-sz  %util
mmcblk0          7.00     76.00     0.00   0.00    5.14    10.86    9.00    320.00    11.00  55.00    3.89    35.56    0.00      0.00     0.00   0.00    0.00     0.00    0.00    0.00    0.07   6.80


Device            r/s     rkB/s   rrqm/s  %rrqm r_await rareq-sz     w/s     wkB/s   wrqm/s  %wrqm w_await wareq-sz     d/s     dkB/s   drqm/s  %drqm d_await dareq-sz     f/s f_await  aqu-sz  %util
mmcblk0          0.00      0.00     0.00   0.00    0.00     0.00    9.00    220.00     9.00  50.00   34.56    24.44    0.00      0.00     0.00   0.00    0.00     0.00    0.00    0.00    0.31  32.40


Device            r/s     rkB/s   rrqm/s  %rrqm r_await rareq-sz     w/s     wkB/s   wrqm/s  %wrqm w_await wareq-sz     d/s     dkB/s   drqm/s  %drqm d_await dareq-sz     f/s f_await  aqu-sz  %util
mmcblk0          0.00      0.00     0.00   0.00    0.00     0.00   12.00    396.00    12.00  50.00    9.25    33.00    0.00      0.00     0.00   0.00    0.00     0.00    0.00    0.00    0.11  12.80


Device            r/s     rkB/s   rrqm/s  %rrqm r_await rareq-sz     w/s     wkB/s   wrqm/s  %wrqm w_await wareq-sz     d/s     dkB/s   drqm/s  %drqm d_await dareq-sz     f/s f_await  aqu-sz  %util
mmcblk0          2.38     22.22     0.00   0.00   14.33     9.33   37.30   5114.29    21.43  36.49   93.98   137.11    0.00      0.00     0.00   0.00    0.00     0.00    0.00    0.00    3.54  55.87


Device            r/s     rkB/s   rrqm/s  %rrqm r_await rareq-sz     w/s     wkB/s   wrqm/s  %wrqm w_await wareq-sz     d/s     dkB/s   drqm/s  %drqm d_await dareq-sz     f/s f_await  aqu-sz  %util
mmcblk0          0.00      0.00     0.00   0.00    0.00     0.00    5.41    286.49    14.86  73.33  132.25    53.00    0.00      0.00     0.00   0.00    0.00     0.00    0.00    0.00    0.71  72.97


Device            r/s     rkB/s   rrqm/s  %rrqm r_await rareq-sz     w/s     wkB/s   wrqm/s  %wrqm w_await wareq-sz     d/s     dkB/s   drqm/s  %drqm d_await dareq-sz     f/s f_await  aqu-sz  %util
mmcblk0          0.00      0.00     0.00   0.00    0.00     0.00   16.00    472.00    21.00  56.76   26.12    29.50    0.00      0.00     0.00   0.00    0.00     0.00    0.00    0.00    0.42  44.40


Device            r/s     rkB/s   rrqm/s  %rrqm r_await rareq-sz     w/s     wkB/s   wrqm/s  %wrqm w_await wareq-sz     d/s     dkB/s   drqm/s  %drqm d_await dareq-sz     f/s f_await  aqu-sz  %util
mmcblk0          0.00      0.00     0.00   0.00    0.00     0.00    9.00    232.00    12.00  57.14   25.78    25.78    0.00      0.00     0.00   0.00    0.00     0.00    0.00    0.00    0.23  24.40


Device            r/s     rkB/s   rrqm/s  %rrqm r_await rareq-sz     w/s     wkB/s   wrqm/s  %wrqm w_await wareq-sz     d/s     dkB/s   drqm/s  %drqm d_await dareq-sz     f/s f_await  aqu-sz  %util
mmcblk0          0.00      0.00     0.00   0.00    0.00     0.00   12.00    400.00    13.00  52.00   45.75    33.33    0.00      0.00     0.00   0.00    0.00     0.00    0.00    0.00    0.55  56.40


Device            r/s     rkB/s   rrqm/s  %rrqm r_await rareq-sz     w/s     wkB/s   wrqm/s  %wrqm w_await wareq-sz     d/s     dkB/s   drqm/s  %drqm d_await dareq-sz     f/s f_await  aqu-sz  %util
mmcblk0          1.00      4.00     0.00   0.00    4.00     4.00    6.00    204.00     7.00  53.85   10.83    34.00    0.00      0.00     0.00   0.00    0.00     0.00    0.00    0.00    0.07   8.40


Device            r/s     rkB/s   rrqm/s  %rrqm r_await rareq-sz     w/s     wkB/s   wrqm/s  %wrqm w_await wareq-sz     d/s     dkB/s   drqm/s  %drqm d_await dareq-sz     f/s f_await  aqu-sz  %util
mmcblk0          0.00      0.00     0.00   0.00    0.00     0.00   12.00    272.00    14.00  53.85    8.67    22.67    0.00      0.00     0.00   0.00    0.00     0.00    0.00    0.00    0.10  12.40


Device            r/s     rkB/s   rrqm/s  %rrqm r_await rareq-sz     w/s     wkB/s   wrqm/s  %wrqm w_await wareq-sz     d/s     dkB/s   drqm/s  %drqm d_await dareq-sz     f/s f_await  aqu-sz  %util
mmcblk0         13.00    328.00     0.00   0.00    2.54    25.23   12.00    368.00    11.00  47.83   35.67    30.67    0.00      0.00     0.00   0.00    0.00     0.00    0.00    0.00    0.46  47.60


Device            r/s     rkB/s   rrqm/s  %rrqm r_await rareq-sz     w/s     wkB/s   wrqm/s  %wrqm w_await wareq-sz     d/s     dkB/s   drqm/s  %drqm d_await dareq-sz     f/s f_await  aqu-sz  %util
mmcblk0          4.00    124.00     0.00   0.00    8.25    31.00   12.00    296.00    11.00  47.83    9.50    24.67    0.00      0.00     0.00   0.00    0.00     0.00    0.00    0.00    0.15  14.40


Device            r/s     rkB/s   rrqm/s  %rrqm r_await rareq-sz     w/s     wkB/s   wrqm/s  %wrqm w_await wareq-sz     d/s     dkB/s   drqm/s  %drqm d_await dareq-sz     f/s f_await  aqu-sz  %util
mmcblk0          5.00     52.00     0.00   0.00    5.60    10.40   12.00    344.00    14.00  53.85    8.67    28.67    0.00      0.00     0.00   0.00    0.00     0.00    0.00    0.00    0.13  13.20


Device            r/s     rkB/s   rrqm/s  %rrqm r_await rareq-sz     w/s     wkB/s   wrqm/s  %wrqm w_await wareq-sz     d/s     dkB/s   drqm/s  %drqm d_await dareq-sz     f/s f_await  aqu-sz  %util
mmcblk0          0.00      0.00     0.00   0.00    0.00     0.00    6.00    208.00     8.00  57.14    3.67    34.67    0.00      0.00     0.00   0.00    0.00     0.00    0.00    0.00    0.02   3.20


Device            r/s     rkB/s   rrqm/s  %rrqm r_await rareq-sz     w/s     wkB/s   wrqm/s  %wrqm w_await wareq-sz     d/s     dkB/s   drqm/s  %drqm d_await dareq-sz     f/s f_await  aqu-sz  %util
mmcblk0          0.00      0.00     0.00   0.00    0.00     0.00   18.00    424.00    15.00  45.45    3.44    23.56    0.00      0.00     0.00   0.00    0.00     0.00    0.00    0.00    0.06   8.80


Device            r/s     rkB/s   rrqm/s  %rrqm r_await rareq-sz     w/s     wkB/s   wrqm/s  %wrqm w_await wareq-sz     d/s     dkB/s   drqm/s  %drqm d_await dareq-sz     f/s f_await  aqu-sz  %util
mmcblk0        129.00   2588.00    26.00  16.77    8.07    20.06    7.00    244.00     9.00  56.25    4.00    34.86    0.00      0.00     0.00   0.00    0.00     0.00    0.00    0.00    1.07  21.20


Device            r/s     rkB/s   rrqm/s  %rrqm r_await rareq-sz     w/s     wkB/s   wrqm/s  %wrqm w_await wareq-sz     d/s     dkB/s   drqm/s  %drqm d_await dareq-sz     f/s f_await  aqu-sz  %util
mmcblk0        276.00  12724.00    63.00  18.58   14.91    46.10   19.00   3716.00     2.00   9.52  111.74   195.58    0.00      0.00     0.00   0.00    0.00     0.00    0.00    0.00    6.24  90.80


Device            r/s     rkB/s   rrqm/s  %rrqm r_await rareq-sz     w/s     wkB/s   wrqm/s  %wrqm w_await wareq-sz     d/s     dkB/s   drqm/s  %drqm d_await dareq-sz     f/s f_await  aqu-sz  %util
mmcblk0         79.00   2864.00    90.00  53.25    3.30    36.25    2.00      8.00     0.00   0.00    2.00     4.00    0.00      0.00     0.00   0.00    0.00     0.00    0.00    0.00    0.27  22.80


Device            r/s     rkB/s   rrqm/s  %rrqm r_await rareq-sz     w/s     wkB/s   wrqm/s  %wrqm w_await wareq-sz     d/s     dkB/s   drqm/s  %drqm d_await dareq-sz     f/s f_await  aqu-sz  %util
mmcblk0        119.00   3876.00     0.00   0.00    3.53    32.57    2.00     60.00     1.00  33.33    7.00    30.00    0.00      0.00     0.00   0.00    0.00     0.00    0.00    0.00    0.43  38.40


Device            r/s     rkB/s   rrqm/s  %rrqm r_await rareq-sz     w/s     wkB/s   wrqm/s  %wrqm w_await wareq-sz     d/s     dkB/s   drqm/s  %drqm d_await dareq-sz     f/s f_await  aqu-sz  %util
mmcblk0         38.00   2124.00     0.00   0.00    5.42    55.89    0.00      0.00     0.00   0.00    0.00     0.00    0.00      0.00     0.00   0.00    0.00     0.00    0.00    0.00    0.21  14.40


Device            r/s     rkB/s   rrqm/s  %rrqm r_await rareq-sz     w/s     wkB/s   wrqm/s  %wrqm w_await wareq-sz     d/s     dkB/s   drqm/s  %drqm d_await dareq-sz     f/s f_await  aqu-sz  %util
mmcblk0        101.00   5208.00    89.00  46.84    4.24    51.56    2.00     92.00    21.00  91.30    5.50    46.00    0.00      0.00     0.00   0.00    0.00     0.00    0.00    0.00    0.44  34.80


